<?xml version="1.0" encoding="UTF-8"?>
<!-- Generated by org.testng.reporters.JUnitXMLReporter -->
<testsuite ignored="0" hostname="DESKTOP-K1L6537" failures="0" tests="4" name="firefoxTest" time="177.893" errors="0" timestamp="2023-01-22T11:19:25 IST">
  <testcase classname="letcodeProject.TestClass.Dataprovider_Excel_correct_code" name="data_from_Excel" time="8.51"/>
  <testcase classname="letcodeProject.TestClass.Dataprovider_Excel_correct_code" name="data_from_Excel" time="8.668"/>
  <testcase classname="letcodeProject.TestClass.Dataprovider_Excel_correct_code" name="data_from_Excel" time="8.262"/>
  <testcase classname="letcodeProject.TestClass.Dataprovider_Excel_correct_code" name="data_from_Excel" time="8.762"/>
</testsuite> <!-- firefoxTest -->
