<?xml version="1.0" encoding="UTF-8"?>
<testng-results ignored="0" total="1" passed="1" failed="0" skipped="0">
  <reporter-output>
  </reporter-output>
  <suite started-at="2023-01-29T13:24:09 IST" name="Suite" finished-at="2023-01-29T13:24:36 IST" duration-ms="26500">
    <groups>
    </groups>
    <test started-at="2023-01-29T13:24:09 IST" name="Test" finished-at="2023-01-29T13:24:36 IST" duration-ms="26500">
      <class name="letcodeProject.TestClass.Validate_Slider">
        <test-method is-config="true" signature="setUp(java.lang.String)[pri:0, instance:letcodeProject.TestClass.Validate_Slider@3232a28a]" started-at="2023-01-29T13:24:09 IST" name="setUp" finished-at="2023-01-29T13:24:31 IST" duration-ms="21201" status="PASS">
          <params>
            <param index="0">
              <value>
                <![CDATA[firefox]]>
              </value>
            </param>
          </params>
          <reporter-output>
          </reporter-output>
        </test-method> <!-- setUp -->
        <test-method signature="move_slider()[pri:0, instance:letcodeProject.TestClass.Validate_Slider@3232a28a]" started-at="2023-01-29T13:24:31 IST" name="move_slider" finished-at="2023-01-29T13:24:34 IST" duration-ms="3121" status="PASS">
          <reporter-output>
          </reporter-output>
        </test-method> <!-- move_slider -->
        <test-method is-config="true" signature="tearDown()[pri:0, instance:letcodeProject.TestClass.Validate_Slider@3232a28a]" started-at="2023-01-29T13:24:34 IST" name="tearDown" finished-at="2023-01-29T13:24:36 IST" duration-ms="2058" status="PASS">
          <reporter-output>
          </reporter-output>
        </test-method> <!-- tearDown -->
      </class> <!-- letcodeProject.TestClass.Validate_Slider -->
    </test> <!-- Test -->
  </suite> <!-- Suite -->
</testng-results>
